0 info it worked if it ends with ok
1 verbose cli [ '/Users/divyansh/.nvm/versions/node/v6.17.1/bin/node',
1 verbose cli   '/Users/divyansh/.nvm/versions/node/v6.17.1/bin/npm',
1 verbose cli   'run',
1 verbose cli   'build' ]
2 info using npm@3.10.10
3 info using node@v6.17.1
4 verbose run-script [ 'prebuild', 'build', 'postbuild' ]
5 info lifecycle @rippling/formsy-react@2.0.0-beta.13~prebuild: @rippling/formsy-react@2.0.0-beta.13
6 silly lifecycle @rippling/formsy-react@2.0.0-beta.13~prebuild: no script for prebuild, continuing
7 info lifecycle @rippling/formsy-react@2.0.0-beta.13~build: @rippling/formsy-react@2.0.0-beta.13
8 verbose lifecycle @rippling/formsy-react@2.0.0-beta.13~build: unsafe-perm in lifecycle true
9 verbose lifecycle @rippling/formsy-react@2.0.0-beta.13~build: PATH: /Users/divyansh/.nvm/versions/node/v6.17.1/lib/node_modules/npm/bin/node-gyp-bin:/Users/divyansh/formsy-react/node_modules/.bin:/Users/divyansh/opt/anaconda3/bin:/Users/divyansh/opt/anaconda3/condabin:/Users/divyansh/.nvm/versions/node/v6.17.1/bin:/usr/local/bin:/usr/bin:/bin:/usr/sbin:/sbin:/usr/local/munki:/Library/Apple/usr/bin:/Applications/Wireshark.app/Contents/MacOS
10 verbose lifecycle @rippling/formsy-react@2.0.0-beta.13~build: CWD: /Users/divyansh/formsy-react
11 silly lifecycle @rippling/formsy-react@2.0.0-beta.13~build: Args: [ '-c',
11 silly lifecycle   'npm run build:clean && npm run build:types && npm run build:js' ]
12 silly lifecycle @rippling/formsy-react@2.0.0-beta.13~build: Returned: code: 1  signal: null
13 info lifecycle @rippling/formsy-react@2.0.0-beta.13~build: Failed to exec build script
14 verbose stack Error: @rippling/formsy-react@2.0.0-beta.13 build: `npm run build:clean && npm run build:types && npm run build:js`
14 verbose stack Exit status 1
14 verbose stack     at EventEmitter.<anonymous> (/Users/divyansh/.nvm/versions/node/v6.17.1/lib/node_modules/npm/lib/utils/lifecycle.js:255:16)
14 verbose stack     at emitTwo (events.js:106:13)
14 verbose stack     at EventEmitter.emit (events.js:191:7)
14 verbose stack     at ChildProcess.<anonymous> (/Users/divyansh/.nvm/versions/node/v6.17.1/lib/node_modules/npm/lib/utils/spawn.js:40:14)
14 verbose stack     at emitTwo (events.js:106:13)
14 verbose stack     at ChildProcess.emit (events.js:191:7)
14 verbose stack     at maybeClose (internal/child_process.js:920:16)
14 verbose stack     at Process.ChildProcess._handle.onexit (internal/child_process.js:230:5)
15 verbose pkgid @rippling/formsy-react@2.0.0-beta.13
16 verbose cwd /Users/divyansh/formsy-react
17 error Darwin 20.6.0
18 error argv "/Users/divyansh/.nvm/versions/node/v6.17.1/bin/node" "/Users/divyansh/.nvm/versions/node/v6.17.1/bin/npm" "run" "build"
19 error node v6.17.1
20 error npm  v3.10.10
21 error code ELIFECYCLE
22 error @rippling/formsy-react@2.0.0-beta.13 build: `npm run build:clean && npm run build:types && npm run build:js`
22 error Exit status 1
23 error Failed at the @rippling/formsy-react@2.0.0-beta.13 build script 'npm run build:clean && npm run build:types && npm run build:js'.
23 error Make sure you have the latest version of node.js and npm installed.
23 error If you do, this is most likely a problem with the @rippling/formsy-react package,
23 error not with npm itself.
23 error Tell the author that this fails on your system:
23 error     npm run build:clean && npm run build:types && npm run build:js
23 error You can get information on how to open an issue for this project with:
23 error     npm bugs @rippling/formsy-react
23 error Or if that isn't available, you can get their info via:
23 error     npm owner ls @rippling/formsy-react
23 error There is likely additional logging output above.
24 verbose exit [ 1, true ]
